<?xml version="1.0" encoding="UTF-8"?>
<testng-results skipped="0" failed="0" ignored="0" total="1" passed="1">
  <reporter-output>
  </reporter-output>
  <suite name="Default suite" duration-ms="113789" started-at="2019-02-02T14:33:32Z" finished-at="2019-02-02T14:35:26Z">
    <groups>
    </groups>
    <test name="Default test" duration-ms="113789" started-at="2019-02-02T14:33:32Z" finished-at="2019-02-02T14:35:26Z">
      <class name="com.JQueriUI.automation.JQueryUITest">
        <test-method status="PASS" signature="beforeEachTestStart()[pri:0, instance:com.JQueriUI.automation.JQueryUITest@4f933fd1]" name="beforeEachTestStart" is-config="true" duration-ms="3983" started-at="2019-02-02T06:33:32Z" finished-at="2019-02-02T06:33:36Z">
          <reporter-output>
          </reporter-output>
        </test-method> <!-- beforeEachTestStart -->
        <test-method status="PASS" signature="Testing_JQueryUI()[pri:0, instance:com.JQueriUI.automation.JQueryUITest@4f933fd1]" name="Testing_JQueryUI" duration-ms="99171" started-at="2019-02-02T06:33:36Z" finished-at="2019-02-02T06:35:15Z">
          <reporter-output>
          </reporter-output>
        </test-method> <!-- Testing_JQueryUI -->
        <test-method status="PASS" signature="afterEachTestEnd()[pri:0, instance:com.JQueriUI.automation.JQueryUITest@4f933fd1]" name="afterEachTestEnd" is-config="true" duration-ms="10617" started-at="2019-02-02T06:35:15Z" finished-at="2019-02-02T06:35:26Z">
          <reporter-output>
          </reporter-output>
        </test-method> <!-- afterEachTestEnd -->
      </class> <!-- com.JQueriUI.automation.JQueryUITest -->
    </test> <!-- Default test -->
  </suite> <!-- Default suite -->
</testng-results>
